2025-12-08 18:08:35 PKT LOG:  database system was shut down at 2025-12-08 18:08:23 PKT
2025-12-08 18:13:35 PKT LOG:  checkpoint starting: time
2025-12-08 18:13:40 PKT LOG:  checkpoint complete: wrote 48 buffers (0.3%); 0 WAL file(s) added, 0 removed, 0 recycled; write=4.904 s, sync=0.014 s, total=4.937 s; sync files=11, longest=0.002 s, average=0.002 s; distance=288 kB, estimate=288 kB; lsn=0/15BAF00, redo lsn=0/15BAEA8
2025-12-08 18:14:19 PKT ERROR:  relation "_prisma_migrations" does not exist at character 126
2025-12-08 18:14:19 PKT STATEMENT:  SELECT "id", "checksum", "finished_at", "migration_name", "logs", "rolled_back_at", "started_at", "applied_steps_count" FROM "_prisma_migrations" ORDER BY "started_at" ASC
2025-12-08 18:14:19 PKT LOG:  checkpoint starting: immediate force wait
2025-12-08 18:14:20 PKT LOG:  checkpoint complete: wrote 974 buffers (5.9%); 1 WAL file(s) added, 0 removed, 0 recycled; write=0.089 s, sync=0.330 s, total=0.455 s; sync files=300, longest=0.007 s, average=0.002 s; distance=9104 kB, estimate=9104 kB; lsn=0/1E9F0C8, redo lsn=0/1E9F070
2025-12-08 18:14:20 PKT LOG:  checkpoint starting: immediate force wait
2025-12-08 18:14:20 PKT LOG:  checkpoint complete: wrote 7 buffers (0.0%); 0 WAL file(s) added, 0 removed, 1 recycled; write=0.003 s, sync=0.006 s, total=0.022 s; sync files=5, longest=0.002 s, average=0.002 s; distance=4569 kB, estimate=8650 kB; lsn=0/23155E0, redo lsn=0/2315588
2025-12-08 18:19:20 PKT LOG:  checkpoint starting: time
2025-12-08 18:19:28 PKT LOG:  checkpoint complete: wrote 72 buffers (0.4%); 0 WAL file(s) added, 0 removed, 0 recycled; write=7.772 s, sync=0.074 s, total=7.860 s; sync files=66, longest=0.007 s, average=0.002 s; distance=287 kB, estimate=7814 kB; lsn=0/235D218, redo lsn=0/235D1C0
2025-12-08 18:39:20 PKT LOG:  checkpoint starting: time
2025-12-08 18:39:22 PKT LOG:  checkpoint complete: wrote 20 buffers (0.1%); 0 WAL file(s) added, 0 removed, 0 recycled; write=2.075 s, sync=0.020 s, total=2.115 s; sync files=14, longest=0.003 s, average=0.002 s; distance=8 kB, estimate=7033 kB; lsn=0/235F348, redo lsn=0/235F2F0
2025-12-08 20:00:46 PKT LOG:  could not receive data from client: An existing connection was forcibly closed by the remote host.
	
2025-12-08 20:00:46 PKT LOG:  could not receive data from client: An existing connection was forcibly closed by the remote host.
	
2025-12-08 20:11:17 PKT LOG:  could not receive data from client: An existing connection was forcibly closed by the remote host.
	
2025-12-08 20:16:06 PKT LOG:  could not receive data from client: An existing connection was forcibly closed by the remote host.
	
2025-12-08 20:16:09 PKT LOG:  could not receive data from client: An existing connection was forcibly closed by the remote host.
	
2025-12-08 20:16:19 PKT LOG:  could not receive data from client: An existing connection was forcibly closed by the remote host.
	
2025-12-08 20:16:35 PKT LOG:  could not receive data from client: An existing connection was forcibly closed by the remote host.
	
2025-12-08 20:16:37 PKT LOG:  could not receive data from client: An existing connection was forcibly closed by the remote host.
	
2025-12-08 20:22:16 PKT LOG:  could not receive data from client: An existing connection was forcibly closed by the remote host.
	
2025-12-08 20:23:56 PKT LOG:  could not receive data from client: An existing connection was forcibly closed by the remote host.
	
